# JRE version: OpenJDK Runtime Environment (8.0_242-b01) (build 1.8.0_242-release-1644-b01)
# Java VM: OpenJDK 64-Bit Server VM (25.242-b01 mixed mode windows-amd64 compressed oops)
Heap:
 PSYoungGen      total 428032K, used 396607K [0x00000000d5580000, 0x00000000f7300000, 0x0000000100000000)
  eden space 371200K, 95% used [0x00000000d5580000,0x00000000eb108750,0x00000000ec000000)
  from space 56832K, 71% used [0x00000000ec000000,0x00000000ee7c7580,0x00000000ef780000)
  to   space 59904K, 0% used [0x00000000f3880000,0x00000000f3880000,0x00000000f7300000)
 ParOldGen       total 135680K, used 112441K [0x0000000080000000, 0x0000000088480000, 0x00000000d5580000)
  object space 135680K, 82% used [0x0000000080000000,0x0000000086dce428,0x0000000088480000)
 Metaspace       used 141364K, capacity 148502K, committed 148776K, reserved 1179648K
  class space    used 17962K, capacity 19197K, committed 19248K, reserved 1048576K
GC Heap History (10 events):
Event: 3065.663 GC heap before
{Heap before GC invocations=33 (full 4):
 PSYoungGen      total 349696K, used 336400K [0x00000000d5580000, 0x00000000ed280000, 0x0000000100000000)
  eden space 322560K, 99% used [0x00000000d5580000,0x00000000e904adf8,0x00000000e9080000)
  from space 27136K, 51% used [0x00000000eb800000,0x00000000ec5b92d0,0x00000000ed280000)
  to   space 33792K, 0% used [0x00000000e9080000,0x00000000e9080000,0x00000000eb180000)
 ParOldGen       total 135680K, used 82955K [0x0000000080000000, 0x0000000088480000, 0x00000000d5580000)
  object space 135680K, 61% used [0x0000000080000000,0x0000000085102f38,0x0000000088480000)
 Metaspace       used 100797K, capacity 106854K, committed 107048K, reserved 1142784K
  class space    used 12960K, capacity 14014K, committed 14128K, reserved 1048576K
Event: 3066.286 GC heap after
Heap after GC invocations=33 (full 4):
 PSYoungGen      total 356352K, used 22552K [0x00000000d5580000, 0x00000000eec00000, 0x0000000100000000)
  eden space 322560K, 0% used [0x00000000d5580000,0x00000000d5580000,0x00000000e9080000)
  from space 33792K, 66% used [0x00000000e9080000,0x00000000ea686248,0x00000000eb180000)
  to   space 34816K, 0% used [0x00000000eca00000,0x00000000eca00000,0x00000000eec00000)
 ParOldGen       total 135680K, used 82963K [0x0000000080000000, 0x0000000088480000, 0x00000000d5580000)
  object space 135680K, 61% used [0x0000000080000000,0x0000000085104f38,0x0000000088480000)
 Metaspace       used 100797K, capacity 106854K, committed 107048K, reserved 1142784K
  class space    used 12960K, capacity 14014K, committed 14128K, reserved 1048576K
}
Event: 3125.621 GC heap before
{Heap before GC invocations=34 (full 4):
 PSYoungGen      total 356352K, used 345112K [0x00000000d5580000, 0x00000000eec00000, 0x0000000100000000)
  eden space 322560K, 100% used [0x00000000d5580000,0x00000000e9080000,0x00000000e9080000)
  from space 33792K, 66% used [0x00000000e9080000,0x00000000ea686248,0x00000000eb180000)
  to   space 34816K, 0% used [0x00000000eca00000,0x00000000eca00000,0x00000000eec00000)
 ParOldGen       total 135680K, used 82963K [0x0000000080000000, 0x0000000088480000, 0x00000000d5580000)
  object space 135680K, 61% used [0x0000000080000000,0x0000000085104f38,0x0000000088480000)
 Metaspace       used 101170K, capacity 107200K, committed 107560K, reserved 1142784K
  class space    used 12966K, capacity 14019K, committed 14128K, reserved 1048576K
Event: 3125.868 GC heap after
Heap after GC invocations=34 (full 4):
 PSYoungGen      total 380416K, used 24353K [0x00000000d5580000, 0x00000000eee00000, 0x0000000100000000)
  eden space 345600K, 0% used [0x00000000d5580000,0x00000000d5580000,0x00000000ea700000)
  from space 34816K, 69% used [0x00000000eca00000,0x00000000ee1c87f8,0x00000000eec00000)
  to   space 35840K, 0% used [0x00000000ea700000,0x00000000ea700000,0x00000000eca00000)
 ParOldGen       total 135680K, used 82971K [0x0000000080000000, 0x0000000088480000, 0x00000000d5580000)
  object space 135680K, 61% used [0x0000000080000000,0x0000000085106f38,0x0000000088480000)
 Metaspace       used 101170K, capacity 107200K, committed 107560K, reserved 1142784K
  class space    used 12966K, capacity 14019K, committed 14128K, reserved 1048576K
}
Event: 3175.887 GC heap before
{Heap before GC invocations=35 (full 4):
 PSYoungGen      total 380416K, used 369953K [0x00000000d5580000, 0x00000000eee00000, 0x0000000100000000)
  eden space 345600K, 100% used [0x00000000d5580000,0x00000000ea700000,0x00000000ea700000)
  from space 34816K, 69% used [0x00000000eca00000,0x00000000ee1c87f8,0x00000000eec00000)
  to   space 35840K, 0% used [0x00000000ea700000,0x00000000ea700000,0x00000000eca00000)
 ParOldGen       total 135680K, used 82971K [0x0000000080000000, 0x0000000088480000, 0x00000000d5580000)
  object space 135680K, 61% used [0x0000000080000000,0x0000000085106f38,0x0000000088480000)
 Metaspace       used 134044K, capacity 141018K, committed 141480K, reserved 1171456K
  class space    used 17281K, capacity 18521K, committed 18608K, reserved 1048576K
Event: 3176.402 GC heap after
Heap after GC invocations=35 (full 4):
 PSYoungGen      total 381440K, used 35819K [0x00000000d5580000, 0x00000000f2880000, 0x0000000100000000)
  eden space 345600K, 0% used [0x00000000d5580000,0x00000000d5580000,0x00000000ea700000)
  from space 35840K, 99% used [0x00000000ea700000,0x00000000ec9fac08,0x00000000eca00000)
  to   space 50176K, 0% used [0x00000000ef780000,0x00000000ef780000,0x00000000f2880000)
 ParOldGen       total 135680K, used 107766K [0x0000000080000000, 0x0000000088480000, 0x00000000d5580000)
  object space 135680K, 79% used [0x0000000080000000,0x000000008693d9a0,0x0000000088480000)
 Metaspace       used 134044K, capacity 141018K, committed 141480K, reserved 1171456K
  class space    used 17281K, capacity 18521K, committed 18608K, reserved 1048576K
}
Event: 3233.619 GC heap before
{Heap before GC invocations=36 (full 4):
 PSYoungGen      total 381440K, used 381419K [0x00000000d5580000, 0x00000000f2880000, 0x0000000100000000)
  eden space 345600K, 100% used [0x00000000d5580000,0x00000000ea700000,0x00000000ea700000)
  from space 35840K, 99% used [0x00000000ea700000,0x00000000ec9fac08,0x00000000eca00000)
  to   space 50176K, 0% used [0x00000000ef780000,0x00000000ef780000,0x00000000f2880000)
 ParOldGen       total 135680K, used 107766K [0x0000000080000000, 0x0000000088480000, 0x00000000d5580000)
  object space 135680K, 79% used [0x0000000080000000,0x000000008693d9a0,0x0000000088480000)
 Metaspace       used 141172K, capacity 148304K, committed 148520K, reserved 1179648K
  class space    used 17946K, capacity 19184K, committed 19248K, reserved 1048576K
Event: 3237.371 GC heap after
Heap after GC invocations=36 (full 4):
 PSYoungGen      total 421376K, used 47145K [0x00000000d5580000, 0x00000000f5380000, 0x0000000100000000)
  eden space 371200K, 0% used [0x00000000d5580000,0x00000000d5580000,0x00000000ec000000)
  from space 50176K, 93% used [0x00000000ef780000,0x00000000f258a4a0,0x00000000f2880000)
  to   space 56832K, 0% used [0x00000000ec000000,0x00000000ec000000,0x00000000ef780000)
 ParOldGen       total 135680K, used 111979K [0x0000000080000000, 0x0000000088480000, 0x00000000d5580000)
  object space 135680K, 82% used [0x0000000080000000,0x0000000086d5ae68,0x0000000088480000)
 Metaspace       used 141172K, capacity 148304K, committed 148520K, reserved 1179648K
  class space    used 17946K, capacity 19184K, committed 19248K, reserved 1048576K
}
Event: 3257.625 GC heap before
{Heap before GC invocations=37 (full 4):
 PSYoungGen      total 421376K, used 418345K [0x00000000d5580000, 0x00000000f5380000, 0x0000000100000000)
  eden space 371200K, 100% used [0x00000000d5580000,0x00000000ec000000,0x00000000ec000000)
  from space 50176K, 93% used [0x00000000ef780000,0x00000000f258a4a0,0x00000000f2880000)
  to   space 56832K, 0% used [0x00000000ec000000,0x00000000ec000000,0x00000000ef780000)
 ParOldGen       total 135680K, used 111979K [0x0000000080000000, 0x0000000088480000, 0x00000000d5580000)
  object space 135680K, 82% used [0x0000000080000000,0x0000000086d5ae68,0x0000000088480000)
 Metaspace       used 141314K, capacity 148426K, committed 148520K, reserved 1179648K
  class space    used 17961K, capacity 19195K, committed 19248K, reserved 1048576K
Event: 3258.662 GC heap after
Heap after GC invocations=37 (full 4):
 PSYoungGen      total 428032K, used 40733K [0x00000000d5580000, 0x00000000f7300000, 0x0000000100000000)
  eden space 371200K, 0% used [0x00000000d5580000,0x00000000d5580000,0x00000000ec000000)
  from space 56832K, 71% used [0x00000000ec000000,0x00000000ee7c7580,0x00000000ef780000)
  to   space 59904K, 0% used [0x00000000f3880000,0x00000000f3880000,0x00000000f7300000)
 ParOldGen       total 135680K, used 112441K [0x0000000080000000, 0x0000000088480000, 0x00000000d5580000)
  object space 135680K, 82% used [0x0000000080000000,0x0000000086dce428,0x0000000088480000)
 Metaspace       used 141314K, capacity 148426K, committed 148520K, reserved 1179648K
  class space    used 17961K, capacity 19195K, committed 19248K, reserved 1048576K
}

